Loading required package: MASS
Loading required package: igraph

Attaching package: ‘igraph’

The following objects are masked from ‘package:stats’:

    decompose, spectrum

The following object is masked from ‘package:base’:

    union

Loading required package: gplots

Attaching package: ‘gplots’

The following object is masked from ‘package:stats’:

    lowess

[1] "The output directory name is:"
[1] "/home/user/R/R-3.5.1/projects/repoARTIVA/asset/output20190726153445"
[1] ""
Error in symbols(x = coords[, 1], y = coords[, 2], bg = vertex.color,  : 
  invalid symbol coordinates
Calls: <Anonymous> ... PlotFunction -> plot -> plot.igraph -> <Anonymous> -> symbols
In addition: Warning messages:
1: In min(ARTIVAnet$edgesThreshold) :
  no non-missing arguments to min; returning Inf
2: In min(ARTIVAnet$edgesThreshold) :
  no non-missing arguments to min; returning Inf
3: In min(x) : no non-missing arguments to min; returning Inf
4: In max(x) : no non-missing arguments to max; returning -Inf
5: In min(x) : no non-missing arguments to min; returning Inf
6: In max(x) : no non-missing arguments to max; returning -Inf
Execution halted
Command exited with non-zero status 1
	Command being timed: "/home/user/R/R-3.5.1/bin/Rscript ARTIVA.R input.DmLc3A.json"
	User time (seconds): 310.45
	System time (seconds): 610.74
	Percent of CPU this job got: 94%
	Elapsed (wall clock) time (h:mm:ss or m:ss): 16:15.13
	Average shared text size (kbytes): 0
	Average unshared data size (kbytes): 0
	Average stack size (kbytes): 0
	Average total size (kbytes): 0
	Maximum resident set size (kbytes): 7482764
	Average resident set size (kbytes): 0
	Major (requiring I/O) page faults: 0
	Minor (reclaiming a frame) page faults: 721624968
	Voluntary context switches: 50
	Involuntary context switches: 1871
	Swaps: 0
	File system inputs: 0
	File system outputs: 776
	Socket messages sent: 0
	Socket messages received: 0
	Signals delivered: 0
	Page size (bytes): 4096
	Exit status: 1
