Loading required package: corpcor
Loading required package: MASS
[1] "The output directory name is:"
[1] "/home/user/R/R-3.5.1/projects/repoedisonr/asset/output20190801124701"
[1] ""
Error: cannot allocate vector of size 494.3 Mb
Execution halted
Warning message:
system call failed: Cannot allocate memory 
Command exited with non-zero status 1
	Command being timed: "/home/user/R/R-3.5.1/bin/Rscript EDISON.R input.DmLc3A.poisson.json"
	User time (seconds): 9.69
	System time (seconds): 46.85
	Percent of CPU this job got: 10%
	Elapsed (wall clock) time (h:mm:ss or m:ss): 9:13.30
	Average shared text size (kbytes): 0
	Average unshared data size (kbytes): 0
	Average stack size (kbytes): 0
	Average total size (kbytes): 0
	Maximum resident set size (kbytes): 31489556
	Average resident set size (kbytes): 0
	Major (requiring I/O) page faults: 6928
	Minor (reclaiming a frame) page faults: 15524455
	Voluntary context switches: 21308
	Involuntary context switches: 31094
	Swaps: 0
	File system inputs: 175288
	File system outputs: 24
	Socket messages sent: 0
	Socket messages received: 0
	Signals delivered: 0
	Page size (bytes): 4096
	Exit status: 1
