Loading required package: MASS
Loading required package: igraph

Attaching package: ‘igraph’

The following objects are masked from ‘package:stats’:

    decompose, spectrum

The following object is masked from ‘package:base’:

    union

Loading required package: gplots

Attaching package: ‘gplots’

The following object is masked from ‘package:stats’:

    lowess

[1] "The output directory name is:"
[1] "/home/user/R/R-3.5.1/projects/repoARTIVA/asset/output20190724180819"
[1] ""
	Command being timed: "/home/user/R/R-3.5.1/bin/Rscript ARTIVA.R input.DmLc3E.json"
	User time (seconds): 22219.99
	System time (seconds): 2937.04
	Percent of CPU this job got: 99%
	Elapsed (wall clock) time (h:mm:ss or m:ss): 6:59:28
	Average shared text size (kbytes): 0
	Average unshared data size (kbytes): 0
	Average stack size (kbytes): 0
	Average total size (kbytes): 0
	Maximum resident set size (kbytes): 26761476
	Average resident set size (kbytes): 0
	Major (requiring I/O) page faults: 0
	Minor (reclaiming a frame) page faults: 2848711768
	Voluntary context switches: 14268
	Involuntary context switches: 28506
	Swaps: 0
	File system inputs: 0
	File system outputs: 750864
	Socket messages sent: 0
	Socket messages received: 0
	Signals delivered: 0
	Page size (bytes): 4096
	Exit status: 0
