[1] "The output directory name is:"
[1] "/home/saptarshi/R/R-3.5.1/projects/TGS-Lite/asset/output20190104150028"
[1] ""

Attaching package: ‘bnlearn’

The following object is masked from ‘package:minet’:

    aracne

The following object is masked from ‘package:stats’:

    sigma

Loading required package: bitops
Loading required package: Matrix
Loading required package: igraph

Attaching package: ‘igraph’

The following objects are masked from ‘package:bnlearn’:

    compare, degree, path, subgraph

The following objects are masked from ‘package:stats’:

    decompose, spectrum

The following object is masked from ‘package:base’:

    union


Attaching package: ‘bnstruct’

The following objects are masked from ‘package:bnlearn’:

    impute, read.bif, read.dsc, read.net, shd, write.dsc

14274.08user 6.93system 3:58:07elapsed 99%CPU (0avgtext+0avgdata 222992maxresident)k
512inputs+5424outputs (0major+10894511minor)pagefaults 0swaps
